13-02-2025, 11:21:48 [INFO]: API call to /temperature/lastHour
13-02-2025, 11:21:51 [INFO]: API call to /temperature/lastDay
13-02-2025, 11:21:54 [INFO]: API call to /temperature/lastWeek
13-02-2025, 11:21:56 [INFO]: API call to /humidity/lastHour
13-02-2025, 11:21:57 [INFO]: API call to /co2/lastHour
13-02-2025, 11:21:58 [INFO]: API call to /access/chart
13-02-2025, 11:21:58 [INFO]: API call to /access/table
13-02-2025, 11:22:00 [INFO]: API call to /alerts
13-02-2025, 11:22:06 [INFO]: API call to /temperature
13-02-2025, 11:22:06 [INFO]: API call to /humidity
13-02-2025, 11:22:06 [INFO]: API call to /access-attempts
13-02-2025, 11:22:06 [INFO]: API call to /co2
13-02-2025, 11:32:42 [INFO]: API call to /temperature/lastHour
13-02-2025, 11:33:16 [ERROR]: Temperature value or timestamp not valid at /api/temperature
13-02-2025, 11:34:28 [INFO]: Temperature data saved successfully in /api/temperature
13-02-2025, 11:35:25 [INFO]: Temperature data saved successfully in /api/temperature
13-02-2025, 11:35:25 [INFO]: Notification created for user sistemista1: Temperature at 65°C
13-02-2025, 11:35:26 [INFO]: Notification email sent to tom.schillerwein@samtrevano.ch
13-02-2025, 11:35:26 [INFO]: Notification created for user sistemista2: Temperature at 65°C
13-02-2025, 11:35:26 [WARN]: No email to send notification for user sistemista2: Temperature at 65°C
13-02-2025, 11:35:26 [INFO]: Notification created for user docente1: Temperature at 65°C
13-02-2025, 11:35:26 [WARN]: No email to send notification for user docente1: Temperature at 65°C
13-02-2025, 11:35:26 [INFO]: Notification created for user docente2: Temperature at 65°C
13-02-2025, 11:35:26 [WARN]: No email to send notification for user docente2: Temperature at 65°C
13-02-2025, 11:35:33 [INFO]: Temperature data saved successfully in /api/temperature
13-02-2025, 11:35:33 [INFO]: Notification created for user sistemista1: Temperature normalized
13-02-2025, 11:35:33 [INFO]: Notification created for user sistemista2: Temperature normalized
13-02-2025, 11:35:33 [INFO]: Notification created for user docente1: Temperature normalized
13-02-2025, 11:35:33 [INFO]: Notification created for user docente2: Temperature normalized
13-02-2025, 11:35:36 [INFO]: API call to /alerts
13-02-2025, 11:43:43 [INFO]: API call to /alerts
13-02-2025, 11:43:51 [INFO]: API call to /temperature
13-02-2025, 11:43:51 [INFO]: API call to /humidity
13-02-2025, 11:43:51 [INFO]: API call to /access-attempts
13-02-2025, 11:43:51 [INFO]: API call to /co2
13-02-2025, 11:47:24 [ERROR]: Error fetching temperature data.
13-02-2025, 11:50:44 [INFO]: API call to /temperature
13-02-2025, 11:50:44 [INFO]: API call to /humidity
13-02-2025, 11:50:44 [INFO]: API call to /access-attempts
13-02-2025, 11:50:44 [INFO]: API call to /co2
13-02-2025, 11:50:54 [INFO]: API call to /temperature/lastHour
13-02-2025, 11:50:57 [INFO]: API call to /temperature
13-02-2025, 11:50:57 [INFO]: API call to /humidity
13-02-2025, 11:50:57 [INFO]: API call to /access-attempts
13-02-2025, 11:50:57 [INFO]: API call to /co2
13-02-2025, 11:53:45 [INFO]: Temperature data saved successfully in /api/temperature
13-02-2025, 11:53:45 [INFO]: Notification created for user sistemista1: Temperature at 45°C
13-02-2025, 11:53:45 [INFO]: Notification created for user sistemista2: Temperature at 45°C
13-02-2025, 11:53:45 [WARN]: No email to send notification for user sistemista2: Temperature at 45°C
13-02-2025, 11:53:45 [INFO]: Notification created for user docente1: Temperature at 45°C
13-02-2025, 11:53:45 [WARN]: No email to send notification for user docente1: Temperature at 45°C
13-02-2025, 11:53:45 [INFO]: Notification created for user docente2: Temperature at 45°C
13-02-2025, 11:53:45 [WARN]: No email to send notification for user docente2: Temperature at 45°C
13-02-2025, 11:53:53 [INFO]: API call to /temperature
13-02-2025, 11:53:53 [INFO]: API call to /humidity
13-02-2025, 11:53:53 [INFO]: API call to /access-attempts
13-02-2025, 11:53:53 [INFO]: API call to /co2
13-02-2025, 11:53:53 [INFO]: API call to /access/chart
13-02-2025, 11:53:53 [INFO]: API call to /access/table
13-02-2025, 11:53:55 [INFO]: API call to /alerts
13-02-2025, 11:54:03 [INFO]: API call to /alert-resolved
13-02-2025, 11:54:03 [INFO]: Alert id 102 marked as RESOLVED
13-02-2025, 11:54:03 [INFO]: API call to /alerts
13-02-2025, 11:54:07 [INFO]: API call to /temperature
13-02-2025, 11:54:07 [INFO]: API call to /humidity
13-02-2025, 11:54:07 [INFO]: API call to /access-attempts
13-02-2025, 11:54:07 [INFO]: API call to /co2
13-02-2025, 11:55:35 [INFO]: API call to /temperature
13-02-2025, 11:55:35 [INFO]: API call to /humidity
13-02-2025, 11:55:35 [INFO]: API call to /access-attempts
13-02-2025, 11:55:35 [INFO]: API call to /co2
13-02-2025, 12:00:48 [INFO]: CO2 data saved successfully in /api/co2
13-02-2025, 12:00:48 [INFO]: Notification created for user sistemista1: CO2 at 900ppm
13-02-2025, 12:00:50 [INFO]: Notification email sent to tom.schillerwein@samtrevano.ch
13-02-2025, 12:01:33 [INFO]: API call to /humidity/lastHour
13-02-2025, 12:02:09 [INFO]: API call to /alerts
13-02-2025, 12:02:35 [INFO]: API call to /co2/lastHour
13-02-2025, 12:02:38 [INFO]: API call to /temperature
13-02-2025, 12:02:38 [INFO]: API call to /humidity
13-02-2025, 12:02:38 [INFO]: API call to /access-attempts
13-02-2025, 12:02:38 [INFO]: API call to /co2
13-02-2025, 12:02:49 [INFO]: CO2 data saved successfully in /api/co2
13-02-2025, 12:02:49 [INFO]: Notification created for user sistemista1: CO2 at 950ppm
13-02-2025, 12:02:50 [INFO]: Notification email sent to tom.schillerwein@samtrevano.ch
13-02-2025, 12:02:53 [INFO]: API call to /alerts
13-02-2025, 12:02:56 [INFO]: API call to /alert-resolved
13-02-2025, 12:02:56 [INFO]: Alert id 106 marked as RESOLVED
13-02-2025, 12:02:56 [INFO]: API call to /alerts
13-02-2025, 12:03:20 [INFO]: API call to /humidity/lastHour
13-02-2025, 12:03:21 [INFO]: API call to /temperature
13-02-2025, 12:03:21 [INFO]: API call to /humidity
13-02-2025, 12:03:21 [INFO]: API call to /access-attempts
13-02-2025, 12:03:21 [INFO]: API call to /co2
13-02-2025, 12:03:22 [INFO]: API call to /co2/lastHour
13-02-2025, 12:03:23 [INFO]: API call to /humidity/lastHour
13-02-2025, 12:03:24 [INFO]: API call to /humidity/lastDay
13-02-2025, 12:03:25 [INFO]: API call to /humidity/lastWeek
13-02-2025, 12:03:26 [INFO]: API call to /co2/lastHour
13-02-2025, 12:03:27 [INFO]: API call to /co2/lastDay
13-02-2025, 12:03:29 [INFO]: API call to /co2/lastWeek
13-02-2025, 12:03:30 [INFO]: API call to /co2/lastHour
13-02-2025, 12:03:31 [INFO]: API call to /humidity/lastHour
13-02-2025, 12:03:31 [INFO]: API call to /temperature/lastHour
13-02-2025, 12:03:32 [INFO]: API call to /temperature
13-02-2025, 12:03:32 [INFO]: API call to /humidity
13-02-2025, 12:03:32 [INFO]: API call to /access-attempts
13-02-2025, 12:03:32 [INFO]: API call to /co2
13-02-2025, 12:10:26 [INFO]: CO2 data saved successfully in /api/co2
13-02-2025, 12:10:26 [INFO]: Notification created for user sistemista1: CO2 at 850ppm
13-02-2025, 12:10:29 [INFO]: API call to /co2/lastHour
13-02-2025, 12:10:53 [INFO]: API call to /alerts
13-02-2025, 12:10:59 [INFO]: API call to /alerts
13-02-2025, 12:14:33 [INFO]: CO2 data saved successfully in /api/co2
13-02-2025, 12:14:34 [INFO]: Notification created for user sistemista1: CO2 at 950ppm
13-02-2025, 12:14:34 [INFO]: Notification email sent to tom.schillerwein@samtrevano.ch
13-02-2025, 12:14:37 [INFO]: API call to /alerts
13-02-2025, 12:15:25 [INFO]: CO2 data saved successfully in /api/co2
13-02-2025, 12:15:25 [INFO]: Notification created for user sistemista1: CO2 at 1100ppm
13-02-2025, 12:15:25 [INFO]: Notification email sent to tom.schillerwein@samtrevano.ch
13-02-2025, 12:15:26 [INFO]: Notification created for user sistemista2: CO2 at 1100ppm
13-02-2025, 12:15:26 [INFO]: Notification created for user docente1: CO2 at 1100ppm
13-02-2025, 12:15:26 [INFO]: Notification created for user docente2: CO2 at 1100ppm
