11-03-2025, 13:58:25 [INFO]: Login successful: aris.cheda (Role: allievo)
13-03-2025, 09:24:26 [INFO]: Login successful: sistemista1 (Role: sistemista)
20-03-2025, 09:24:08 [INFO]: Login successful: sistemista1 (Role: sistemista)
20-03-2025, 09:27:37 [WARN]: Failed login attempt: allievo1 (Invalid credentials)
20-03-2025, 09:27:40 [INFO]: Login successful: allievo2 (Role: allievo)
20-03-2025, 09:29:05 [INFO]: Login successful: sistemista1 (Role: sistemista)
20-03-2025, 10:24:32 [WARN]: Failed login attempt: sistemista (Invalid credentials)
20-03-2025, 10:24:35 [INFO]: Login successful: sistemista2 (Role: sistemista)
01-04-2025, 15:49:26 [INFO]: Login successful: sistemista1 (Role: sistemista)
01-04-2025, 15:49:26 [INFO]: Login successful: sistemista1 (Role: sistemista)
01-04-2025, 15:49:37 [INFO]: Login successful: alan.verdi (Role: allievo)
04-04-2025, 08:32:00 [WARN]: Failed login attempt: rps681 (Invalid credentials)
04-04-2025, 08:32:10 [WARN]: Failed login attempt: rps681 (Invalid credentials)
04-04-2025, 08:32:15 [WARN]: Failed login attempt: rps681 (Invalid credentials)
04-04-2025, 08:32:21 [WARN]: Failed login attempt: rps681 (Invalid credentials)
04-04-2025, 08:33:42 [ERROR]: Login error for rps681: LDAP bind failed
04-04-2025, 08:44:00 [ERROR]: Login error for rps681: LDAP bind failed
04-04-2025, 08:55:33 [ERROR]: Login error for rps681: LDAP bind failed
04-04-2025, 09:16:09 [INFO]: Login successful: rps681 (Role: allievo)
04-04-2025, 09:16:26 [INFO]: Login successful: adm.schillerwein (Role: sistemista)
04-04-2025, 09:30:18 [INFO]: Login successful: adm.schillerwein (Role: sistemista)
